time="2021-11-10 11:48:10.751" level=info msg="https://api.filswan.com ~/minio-data  8589934592   " func=github.com/minio/minio/cmd.initUserConfig file="github.com/minio/minio/cmd/main.go:193"
time="2021-11-10 11:52:42.477" level=info msg="https://api.filswan.com ~/minio-data  8589934592   " func=github.com/minio/minio/cmd.initUserConfig file="github.com/minio/minio/cmd/main.go:193"
time="2021-11-30 15:41:37.111" level=info msg="https://api.filswan.com ~/minio-data  8589934592      " func=github.com/minio/minio/cmd.initUserConfig file="github.com/minio/minio/cmd/main.go:200"
time="2021-11-30 15:42:29.888" level=info msg="https://api.filswan.com ~/minio-data  8589934592      " func=github.com/minio/minio/cmd.initUserConfig file="github.com/minio/minio/cmd/main.go:200"
time="2021-11-30 15:43:29.000" level=info msg="---------- rebuild volume scheduler is running at 2021-11-30 15:43:29 ----------" func=github.com/minio/minio/scheduler.RebuildScheduler.func1 file="github.com/minio/minio/scheduler/rebuild.go:26"
time="2021-11-30 15:44:29.000" level=info msg="---------- rebuild volume scheduler is running at 2021-11-30 15:44:29 ----------" func=github.com/minio/minio/scheduler.RebuildScheduler.func1 file="github.com/minio/minio/scheduler/rebuild.go:26"
time="2021-11-30 15:45:00.000" level=info msg="^^^^^^^^^^ send deal scheduler is running at 2021-11-30 15:45:00 ^^^^^^^^^^" func=github.com/minio/minio/scheduler.SendDealScheduler.func1 file="github.com/minio/minio/scheduler/autobid.go:52"
time="2021-11-30 15:45:29.000" level=info msg="---------- rebuild volume scheduler is running at 2021-11-30 15:45:29 ----------" func=github.com/minio/minio/scheduler.RebuildScheduler.func1 file="github.com/minio/minio/scheduler/rebuild.go:26"
time="2021-11-30 15:46:29.000" level=info msg="---------- rebuild volume scheduler is running at 2021-11-30 15:46:29 ----------" func=github.com/minio/minio/scheduler.RebuildScheduler.func1 file="github.com/minio/minio/scheduler/rebuild.go:26"
time="2021-11-30 15:47:29.000" level=info msg="---------- rebuild volume scheduler is running at 2021-11-30 15:47:29 ----------" func=github.com/minio/minio/scheduler.RebuildScheduler.func1 file="github.com/minio/minio/scheduler/rebuild.go:26"
time="2021-11-30 15:48:00.000" level=info msg="^^^^^^^^^^ send deal scheduler is running at 2021-11-30 15:48:00 ^^^^^^^^^^" func=github.com/minio/minio/scheduler.SendDealScheduler.func1 file="github.com/minio/minio/scheduler/autobid.go:52"
time="2021-11-30 15:52:16.089" level=info msg="https://api.filswan.com ~/minio-data  8589934592      " func=github.com/minio/minio/cmd.initUserConfig file="github.com/minio/minio/cmd/main.go:200"
time="2021-11-30 15:53:16.001" level=info msg="---------- rebuild volume scheduler is running at 2021-11-30 15:53:16 ----------" func=github.com/minio/minio/scheduler.RebuildScheduler.func1 file="github.com/minio/minio/scheduler/rebuild.go:26"
time="2021-11-30 15:54:00.001" level=info msg="^^^^^^^^^^ send deal scheduler is running at 2021-11-30 15:54:00 ^^^^^^^^^^" func=github.com/minio/minio/scheduler.SendDealScheduler.func1 file="github.com/minio/minio/scheduler/autobid.go:52"
time="2021-11-30 15:56:50.285" level=info msg="https://api.filswan.com ~/minio-data  8589934592      " func=github.com/minio/minio/cmd.initUserConfig file="github.com/minio/minio/cmd/main.go:200"
time="2021-11-30 15:57:00.001" level=info msg="^^^^^^^^^^ send deal scheduler is running at 2021-11-30 15:57:00 ^^^^^^^^^^" func=github.com/minio/minio/scheduler.SendDealScheduler.func1 file="github.com/minio/minio/scheduler/autobid.go:52"
time="2021-11-30 18:24:37.949" level=info msg="https://api.filswan.com ~/minio-data  8589934592      " func=github.com/minio/minio/cmd.initUserConfig file="github.com/minio/minio/cmd/main.go:200"
time="2021-11-30 18:25:37.001" level=info msg="---------- rebuild volume scheduler is running at 2021-11-30 18:25:37 ----------" func=github.com/minio/minio/scheduler.RebuildScheduler.func1 file="github.com/minio/minio/scheduler/rebuild.go:26"
time="2021-11-30 18:26:37.000" level=info msg="---------- rebuild volume scheduler is running at 2021-11-30 18:26:37 ----------" func=github.com/minio/minio/scheduler.RebuildScheduler.func1 file="github.com/minio/minio/scheduler/rebuild.go:26"
time="2021-11-30 18:27:00.000" level=info msg="^^^^^^^^^^ send deal scheduler is running at 2021-11-30 18:27:00 ^^^^^^^^^^" func=github.com/minio/minio/scheduler.SendDealScheduler.func1 file="github.com/minio/minio/scheduler/autobid.go:52"
time="2021-11-30 18:27:37.001" level=info msg="---------- rebuild volume scheduler is running at 2021-11-30 18:27:37 ----------" func=github.com/minio/minio/scheduler.RebuildScheduler.func1 file="github.com/minio/minio/scheduler/rebuild.go:26"
time="2021-11-30 18:33:29.535" level=info msg="https://api.filswan.com ~/minio-data  8589934592      " func=github.com/minio/minio/cmd.initUserConfig file="github.com/minio/minio/cmd/main.go:200"
time="2021-11-30 20:45:58.965" level=info msg="https://api.filswan.com ~/minio-data  8589934592      " func=github.com/minio/minio/cmd.initUserConfig file="github.com/minio/minio/cmd/main.go:200"
time="2021-11-30 20:46:58.000" level=info msg="---------- rebuild volume scheduler is running at 2021-11-30 20:46:58 ----------" func=github.com/minio/minio/scheduler.RebuildScheduler.func1 file="github.com/minio/minio/scheduler/rebuild.go:26"
time="2021-11-30 20:47:36.949" level=info msg="https://api.filswan.com ~/minio-data  8589934592      " func=github.com/minio/minio/cmd.initUserConfig file="github.com/minio/minio/cmd/main.go:200"
time="2021-11-30 20:48:00.000" level=info msg="^^^^^^^^^^ send deal scheduler is running at 2021-11-30 20:48:00 ^^^^^^^^^^" func=github.com/minio/minio/scheduler.SendDealScheduler.func1 file="github.com/minio/minio/scheduler/autobid.go:52"
time="2021-11-30 20:48:36.000" level=info msg="---------- rebuild volume scheduler is running at 2021-11-30 20:48:36 ----------" func=github.com/minio/minio/scheduler.RebuildScheduler.func1 file="github.com/minio/minio/scheduler/rebuild.go:26"
time="2021-11-30 20:49:36.000" level=info msg="---------- rebuild volume scheduler is running at 2021-11-30 20:49:36 ----------" func=github.com/minio/minio/scheduler.RebuildScheduler.func1 file="github.com/minio/minio/scheduler/rebuild.go:26"
time="2021-11-30 20:52:04.265" level=info msg="https://api.filswan.com ~/minio-data  8589934592      " func=github.com/minio/minio/cmd.initUserConfig file="github.com/minio/minio/cmd/main.go:200"
time="2021-11-30 20:57:29.049" level=info msg="https://api.filswan.com ~/minio-data  8589934592      " func=github.com/minio/minio/cmd.initUserConfig file="github.com/minio/minio/cmd/main.go:200"
time="2021-11-30 20:58:29.001" level=info msg="---------- rebuild volume scheduler is running at 2021-11-30 20:58:29 ----------" func=github.com/minio/minio/scheduler.RebuildScheduler.func1 file="github.com/minio/minio/scheduler/rebuild.go:26"
time="2021-11-30 21:00:03.381" level=info msg="https://api.filswan.com ~/minio-data  8589934592      " func=github.com/minio/minio/cmd.initUserConfig file="github.com/minio/minio/cmd/main.go:200"
time="2021-11-30 21:01:12.738" level=info msg="https://api.filswan.com ~/minio-data  8589934592      " func=github.com/minio/minio/cmd.initUserConfig file="github.com/minio/minio/cmd/main.go:200"
time="2021-11-30 21:16:40.614" level=info msg="https://api.filswan.com ~/minio-data  8589934592      " func=github.com/minio/minio/cmd.initUserConfig file="github.com/minio/minio/cmd/main.go:200"
time="2021-11-30 21:17:40.000" level=info msg="---------- rebuild volume scheduler is running at 2021-11-30 21:17:40 ----------" func=github.com/minio/minio/scheduler.RebuildScheduler.func1 file="github.com/minio/minio/scheduler/rebuild.go:26"
time="2021-11-30 21:18:00.001" level=info msg="^^^^^^^^^^ send deal scheduler is running at 2021-11-30 21:18:00 ^^^^^^^^^^" func=github.com/minio/minio/scheduler.SendDealScheduler.func1 file="github.com/minio/minio/scheduler/autobid.go:52"
time="2021-11-30 21:18:40.001" level=info msg="---------- rebuild volume scheduler is running at 2021-11-30 21:18:40 ----------" func=github.com/minio/minio/scheduler.RebuildScheduler.func1 file="github.com/minio/minio/scheduler/rebuild.go:26"
time="2021-11-30 21:19:40.001" level=info msg="---------- rebuild volume scheduler is running at 2021-11-30 21:19:40 ----------" func=github.com/minio/minio/scheduler.RebuildScheduler.func1 file="github.com/minio/minio/scheduler/rebuild.go:26"
time="2021-11-30 21:20:40.000" level=info msg="---------- rebuild volume scheduler is running at 2021-11-30 21:20:40 ----------" func=github.com/minio/minio/scheduler.RebuildScheduler.func1 file="github.com/minio/minio/scheduler/rebuild.go:26"
time="2021-11-30 21:21:00.001" level=info msg="^^^^^^^^^^ send deal scheduler is running at 2021-11-30 21:21:00 ^^^^^^^^^^" func=github.com/minio/minio/scheduler.SendDealScheduler.func1 file="github.com/minio/minio/scheduler/autobid.go:52"
time="2021-11-30 21:21:40.001" level=info msg="---------- rebuild volume scheduler is running at 2021-11-30 21:21:40 ----------" func=github.com/minio/minio/scheduler.RebuildScheduler.func1 file="github.com/minio/minio/scheduler/rebuild.go:26"
time="2021-11-30 21:22:40.000" level=info msg="---------- rebuild volume scheduler is running at 2021-11-30 21:22:40 ----------" func=github.com/minio/minio/scheduler.RebuildScheduler.func1 file="github.com/minio/minio/scheduler/rebuild.go:26"
time="2021-11-30 21:23:40.001" level=info msg="---------- rebuild volume scheduler is running at 2021-11-30 21:23:40 ----------" func=github.com/minio/minio/scheduler.RebuildScheduler.func1 file="github.com/minio/minio/scheduler/rebuild.go:26"
time="2021-11-30 21:24:00.000" level=info msg="^^^^^^^^^^ send deal scheduler is running at 2021-11-30 21:24:00 ^^^^^^^^^^" func=github.com/minio/minio/scheduler.SendDealScheduler.func1 file="github.com/minio/minio/scheduler/autobid.go:52"
time="2021-11-30 21:51:16.595" level=info msg="https://api.filswan.com ~/minio-data  8589934592      " func=github.com/minio/minio/cmd.initUserConfig file="github.com/minio/minio/cmd/main.go:200"
time="2021-11-30 21:54:14.875" level=info msg="https://api.filswan.com ~/minio-data  8589934592      " func=github.com/minio/minio/cmd.initUserConfig file="github.com/minio/minio/cmd/main.go:200"
time="2021-11-30 21:55:14.000" level=info msg="---------- rebuild volume scheduler is running at 2021-11-30 21:55:14 ----------" func=github.com/minio/minio/scheduler.RebuildScheduler.func1 file="github.com/minio/minio/scheduler/rebuild.go:26"
time="2021-11-30 22:17:33.437" level=info msg="https://api.filswan.com ~/minio-data  8589934592      " func=github.com/minio/minio/cmd.initUserConfig file="github.com/minio/minio/cmd/main.go:205"
time="2021-11-30 22:18:00.000" level=info msg="^^^^^^^^^^ send deal scheduler is running at 2021-11-30 22:18:00 ^^^^^^^^^^" func=github.com/minio/minio/scheduler.SendDealScheduler.func1 file="github.com/minio/minio/scheduler/autobid.go:52"
time="2021-11-30 22:18:33.001" level=info msg="---------- rebuild volume scheduler is running at 2021-11-30 22:18:33 ----------" func=github.com/minio/minio/scheduler.RebuildScheduler.func1 file="github.com/minio/minio/scheduler/rebuild.go:26"
time="2021-11-30 22:19:33.001" level=info msg="---------- rebuild volume scheduler is running at 2021-11-30 22:19:33 ----------" func=github.com/minio/minio/scheduler.RebuildScheduler.func1 file="github.com/minio/minio/scheduler/rebuild.go:26"
time="2021-11-30 22:20:33.001" level=info msg="---------- rebuild volume scheduler is running at 2021-11-30 22:20:33 ----------" func=github.com/minio/minio/scheduler.RebuildScheduler.func1 file="github.com/minio/minio/scheduler/rebuild.go:26"
time="2021-11-30 22:25:03.574" level=info msg="https://api.filswan.com ~/minio-data  8589934592      " func=github.com/minio/minio/cmd.initUserConfig file="github.com/minio/minio/cmd/main.go:205"
time="2021-11-30 22:26:03.000" level=info msg="---------- rebuild volume scheduler is running at 2021-11-30 22:26:03 ----------" func=github.com/minio/minio/scheduler.RebuildScheduler.func1 file="github.com/minio/minio/scheduler/rebuild.go:26"
time="2021-11-30 22:28:07.333" level=info msg="https://api.filswan.com ~/minio-data  8589934592      " func=github.com/minio/minio/cmd.initUserConfig file="github.com/minio/minio/cmd/main.go:205"
time="2021-11-30 22:29:07.000" level=info msg="---------- rebuild volume scheduler is running at 2021-11-30 22:29:07 ----------" func=github.com/minio/minio/scheduler.RebuildScheduler.func1 file="github.com/minio/minio/scheduler/rebuild.go:26"
time="2021-11-30 22:30:00.000" level=info msg="^^^^^^^^^^ send deal scheduler is running at 2021-11-30 22:30:00 ^^^^^^^^^^" func=github.com/minio/minio/scheduler.SendDealScheduler.func1 file="github.com/minio/minio/scheduler/autobid.go:52"
time="2021-11-30 22:30:07.000" level=info msg="---------- rebuild volume scheduler is running at 2021-11-30 22:30:07 ----------" func=github.com/minio/minio/scheduler.RebuildScheduler.func1 file="github.com/minio/minio/scheduler/rebuild.go:26"
time="2021-11-30 22:31:07.001" level=info msg="---------- rebuild volume scheduler is running at 2021-11-30 22:31:07 ----------" func=github.com/minio/minio/scheduler.RebuildScheduler.func1 file="github.com/minio/minio/scheduler/rebuild.go:26"
time="2021-11-30 22:32:07.000" level=info msg="---------- rebuild volume scheduler is running at 2021-11-30 22:32:07 ----------" func=github.com/minio/minio/scheduler.RebuildScheduler.func1 file="github.com/minio/minio/scheduler/rebuild.go:26"
time="2021-12-02 17:51:16.699" level=info msg="https://api.filswan.com ~/minio-data  8589934592      " func=github.com/minio/minio/cmd.initUserConfig file="github.com/minio/minio/cmd/main.go:205"
time="2021-12-02 17:53:16.001" level=info msg="++++++++++ backup volume scheduler is running at 2021-12-02 17:53:16 ++++++++++" func=github.com/minio/minio/scheduler.BackupScheduler.func1 file="github.com/minio/minio/scheduler/backup.go:54"
time="2021-12-02 17:54:00.000" level=info msg="^^^^^^^^^^ send deal scheduler is running at 2021-12-02 17:54:00 ^^^^^^^^^^" func=github.com/minio/minio/scheduler.SendDealScheduler.func1 file="github.com/minio/minio/scheduler/autobid.go:51"
time="2021-12-02 20:55:53.976" level=info msg="https://api.filswan.com ~/minio-data  8589934592      " func=github.com/minio/minio/cmd.initUserConfig file="github.com/minio/minio/cmd/main.go:205"
